{"/Users/fahrinzrdn/Documents/Hacktiv8/phase-2-repeat/Individual Project/IP-RMT61/server-side/app.js": {"path":"/Users/fahrinzrdn/Documents/Hacktiv8/phase-2-repeat/Individual Project/IP-RMT61/server-side/app.js","statementMap":{"0":{"start":{"line":1,"column":0},"end":{"line":1,"column":27}},"1":{"start":{"line":2,"column":16},"end":{"line":2,"column":34}},"2":{"start":{"line":4,"column":23},"end":{"line":4,"column":62}},"3":{"start":{"line":5,"column":24},"end":{"line":5,"column":64}},"4":{"start":{"line":6,"column":28},"end":{"line":6,"column":72}},"5":{"start":{"line":7,"column":27},"end":{"line":7,"column":69}},"6":{"start":{"line":8,"column":21},"end":{"line":8,"column":58}},"7":{"start":{"line":9,"column":23},"end":{"line":9,"column":62}},"8":{"start":{"line":10,"column":13},"end":{"line":10,"column":28}},"9":{"start":{"line":11,"column":21},"end":{"line":11,"column":58}},"10":{"start":{"line":13,"column":12},"end":{"line":13,"column":21}},"11":{"start":{"line":14,"column":13},"end":{"line":14,"column":37}},"12":{"start":{"line":16,"column":0},"end":{"line":16,"column":24}},"13":{"start":{"line":17,"column":0},"end":{"line":17,"column":48}},"14":{"start":{"line":18,"column":0},"end":{"line":18,"column":16}},"15":{"start":{"line":20,"column":0},"end":{"line":22,"column":3}},"16":{"start":{"line":21,"column":2},"end":{"line":21,"column":27}},"17":{"start":{"line":24,"column":0},"end":{"line":24,"column":47}},"18":{"start":{"line":25,"column":0},"end":{"line":25,"column":41}},"19":{"start":{"line":26,"column":0},"end":{"line":26,"column":54}},"20":{"start":{"line":28,"column":0},"end":{"line":28,"column":24}},"21":{"start":{"line":30,"column":0},"end":{"line":30,"column":63}},"22":{"start":{"line":32,"column":0},"end":{"line":32,"column":50}},"23":{"start":{"line":33,"column":0},"end":{"line":33,"column":49}},"24":{"start":{"line":34,"column":0},"end":{"line":34,"column":52}},"25":{"start":{"line":36,"column":0},"end":{"line":36,"column":49}},"26":{"start":{"line":37,"column":0},"end":{"line":37,"column":53}},"27":{"start":{"line":38,"column":0},"end":{"line":38,"column":53}},"28":{"start":{"line":40,"column":0},"end":{"line":40,"column":60}},"29":{"start":{"line":41,"column":0},"end":{"line":41,"column":57}},"30":{"start":{"line":42,"column":0},"end":{"line":42,"column":67}},"31":{"start":{"line":45,"column":0},"end":{"line":45,"column":59}},"32":{"start":{"line":46,"column":0},"end":{"line":46,"column":74}},"33":{"start":{"line":48,"column":0},"end":{"line":48,"column":22}},"34":{"start":{"line":54,"column":0},"end":{"line":54,"column":21}}},"fnMap":{"0":{"name":"(anonymous_0)","decl":{"start":{"line":20,"column":13},"end":{"line":20,"column":14}},"loc":{"start":{"line":20,"column":27},"end":{"line":22,"column":1}},"line":20}},"branchMap":{"0":{"loc":{"start":{"line":14,"column":13},"end":{"line":14,"column":37}},"type":"binary-expr","locations":[{"start":{"line":14,"column":13},"end":{"line":14,"column":29}},{"start":{"line":14,"column":33},"end":{"line":14,"column":37}}],"line":14}},"s":{"0":1,"1":1,"2":1,"3":1,"4":1,"5":1,"6":1,"7":1,"8":1,"9":1,"10":1,"11":1,"12":1,"13":1,"14":1,"15":1,"16":0,"17":1,"18":1,"19":1,"20":1,"21":1,"22":1,"23":1,"24":1,"25":1,"26":1,"27":1,"28":1,"29":1,"30":1,"31":1,"32":1,"33":1,"34":1},"f":{"0":0},"b":{"0":[1,1]},"_coverageSchema":"1a1c01bbd47fc00a2c39e90264f33305004495a9","hash":"f8756190f16a4c98c5e9870e84b746d1b68c28c0"}
,"/Users/fahrinzrdn/Documents/Hacktiv8/phase-2-repeat/Individual Project/IP-RMT61/server-side/controllers/AIController.js": {"path":"/Users/fahrinzrdn/Documents/Hacktiv8/phase-2-repeat/Individual Project/IP-RMT61/server-side/controllers/AIController.js","statementMap":{"0":{"start":{"line":4,"column":4},"end":{"line":4,"column":32}},"1":{"start":{"line":5,"column":18},"end":{"line":5,"column":38}},"2":{"start":{"line":6,"column":15},"end":{"line":6,"column":35}},"3":{"start":{"line":7,"column":18},"end":{"line":7,"column":48}},"4":{"start":{"line":11,"column":4},"end":{"line":103,"column":5}},"5":{"start":{"line":12,"column":27},"end":{"line":12,"column":42}},"6":{"start":{"line":13,"column":26},"end":{"line":13,"column":75}},"7":{"start":{"line":15,"column":25},"end":{"line":15,"column":57}},"8":{"start":{"line":17,"column":26},"end":{"line":17,"column":65}},"9":{"start":{"line":19,"column":23},"end":{"line":19,"column":74}},"10":{"start":{"line":19,"column":46},"end":{"line":19,"column":73}},"11":{"start":{"line":21,"column":31},"end":{"line":35,"column":7}},"12":{"start":{"line":23,"column":10},"end":{"line":34,"column":37}},"13":{"start":{"line":37,"column":6},"end":{"line":37,"column":63}},"14":{"start":{"line":39,"column":19},"end":{"line":39,"column":21}},"15":{"start":{"line":41,"column":6},"end":{"line":94,"column":7}},"16":{"start":{"line":42,"column":8},"end":{"line":49,"column":11}},"17":{"start":{"line":45,"column":52},"end":{"line":45,"column":76}},"18":{"start":{"line":51,"column":8},"end":{"line":87,"column":9}},"19":{"start":{"line":52,"column":32},"end":{"line":60,"column":11}},"20":{"start":{"line":61,"column":32},"end":{"line":63,"column":11}},"21":{"start":{"line":62,"column":12},"end":{"line":62,"column":80}},"22":{"start":{"line":62,"column":38},"end":{"line":62,"column":79}},"23":{"start":{"line":65,"column":10},"end":{"line":86,"column":11}},"24":{"start":{"line":66,"column":12},"end":{"line":80,"column":15}},"25":{"start":{"line":68,"column":55},"end":{"line":77,"column":17}},"26":{"start":{"line":82,"column":12},"end":{"line":85,"column":15}},"27":{"start":{"line":89,"column":8},"end":{"line":89,"column":59}},"28":{"start":{"line":91,"column":8},"end":{"line":93,"column":11}},"29":{"start":{"line":96,"column":6},"end":{"line":99,"column":9}},"30":{"start":{"line":101,"column":6},"end":{"line":101,"column":64}},"31":{"start":{"line":102,"column":6},"end":{"line":102,"column":73}},"32":{"start":{"line":107,"column":0},"end":{"line":107,"column":30}}},"fnMap":{"0":{"name":"(anonymous_0)","decl":{"start":{"line":10,"column":2},"end":{"line":10,"column":3}},"loc":{"start":{"line":10,"column":39},"end":{"line":104,"column":3}},"line":10},"1":{"name":"(anonymous_1)","decl":{"start":{"line":19,"column":39},"end":{"line":19,"column":40}},"loc":{"start":{"line":19,"column":46},"end":{"line":19,"column":73}},"line":19},"2":{"name":"(anonymous_2)","decl":{"start":{"line":22,"column":8},"end":{"line":22,"column":9}},"loc":{"start":{"line":23,"column":10},"end":{"line":34,"column":37}},"line":23},"3":{"name":"(anonymous_3)","decl":{"start":{"line":45,"column":44},"end":{"line":45,"column":45}},"loc":{"start":{"line":45,"column":52},"end":{"line":45,"column":76}},"line":45},"4":{"name":"(anonymous_4)","decl":{"start":{"line":61,"column":56},"end":{"line":61,"column":57}},"loc":{"start":{"line":62,"column":12},"end":{"line":62,"column":80}},"line":62},"5":{"name":"(anonymous_5)","decl":{"start":{"line":62,"column":31},"end":{"line":62,"column":32}},"loc":{"start":{"line":62,"column":38},"end":{"line":62,"column":79}},"line":62},"6":{"name":"(anonymous_6)","decl":{"start":{"line":68,"column":43},"end":{"line":68,"column":44}},"loc":{"start":{"line":68,"column":55},"end":{"line":77,"column":17}},"line":68}},"branchMap":{"0":{"loc":{"start":{"line":12,"column":27},"end":{"line":12,"column":42}},"type":"binary-expr","locations":[{"start":{"line":12,"column":27},"end":{"line":12,"column":36}},{"start":{"line":12,"column":40},"end":{"line":12,"column":42}}],"line":12},"1":{"loc":{"start":{"line":13,"column":26},"end":{"line":13,"column":75}},"type":"binary-expr","locations":[{"start":{"line":13,"column":26},"end":{"line":13,"column":34}},{"start":{"line":13,"column":38},"end":{"line":13,"column":75}}],"line":13},"2":{"loc":{"start":{"line":23,"column":10},"end":{"line":34,"column":37}},"type":"binary-expr","locations":[{"start":{"line":23,"column":10},"end":{"line":23,"column":22}},{"start":{"line":24,"column":10},"end":{"line":34,"column":37}}],"line":23},"3":{"loc":{"start":{"line":51,"column":8},"end":{"line":87,"column":9}},"type":"if","locations":[{"start":{"line":51,"column":8},"end":{"line":87,"column":9}},{"start":{},"end":{}}],"line":51},"4":{"loc":{"start":{"line":65,"column":10},"end":{"line":86,"column":11}},"type":"if","locations":[{"start":{"line":65,"column":10},"end":{"line":86,"column":11}},{"start":{"line":81,"column":17},"end":{"line":86,"column":11}}],"line":65}},"s":{"0":1,"1":1,"2":1,"3":1,"4":1,"5":1,"6":1,"7":1,"8":1,"9":1,"10":72,"11":1,"12":72,"13":1,"14":1,"15":1,"16":1,"17":72,"18":1,"19":1,"20":1,"21":72,"22":486,"23":1,"24":1,"25":5,"26":0,"27":0,"28":0,"29":1,"30":0,"31":0,"32":1},"f":{"0":1,"1":72,"2":72,"3":72,"4":72,"5":486,"6":5},"b":{"0":[1,0],"1":[1,1],"2":[72,72],"3":[1,0],"4":[1,0]},"_coverageSchema":"1a1c01bbd47fc00a2c39e90264f33305004495a9","hash":"9c825cbbb1c7b72e1e123b0a548c41ea6ffeaaae"}
,"/Users/fahrinzrdn/Documents/Hacktiv8/phase-2-repeat/Individual Project/IP-RMT61/server-side/controllers/MovieController.js": {"path":"/Users/fahrinzrdn/Documents/Hacktiv8/phase-2-repeat/Individual Project/IP-RMT61/server-side/controllers/MovieController.js","statementMap":{"0":{"start":{"line":1,"column":29},"end":{"line":1,"column":49}},"1":{"start":{"line":2,"column":15},"end":{"line":2,"column":35}},"2":{"start":{"line":6,"column":4},"end":{"line":48,"column":5}},"3":{"start":{"line":7,"column":43},"end":{"line":7,"column":52}},"4":{"start":{"line":10,"column":25},"end":{"line":10,"column":44}},"5":{"start":{"line":11,"column":23},"end":{"line":11,"column":44}},"6":{"start":{"line":12,"column":21},"end":{"line":12,"column":48}},"7":{"start":{"line":15,"column":20},"end":{"line":15,"column":22}},"8":{"start":{"line":16,"column":6},"end":{"line":18,"column":7}},"9":{"start":{"line":17,"column":8},"end":{"line":17,"column":78}},"10":{"start":{"line":22,"column":20},"end":{"line":22,"column":22}},"11":{"start":{"line":23,"column":6},"end":{"line":27,"column":7}},"12":{"start":{"line":24,"column":8},"end":{"line":24,"column":44}},"13":{"start":{"line":25,"column":13},"end":{"line":27,"column":7}},"14":{"start":{"line":26,"column":8},"end":{"line":26,"column":45}},"15":{"start":{"line":29,"column":21},"end":{"line":37,"column":8}},"16":{"start":{"line":39,"column":6},"end":{"line":44,"column":9}},"17":{"start":{"line":46,"column":6},"end":{"line":46,"column":53}},"18":{"start":{"line":47,"column":6},"end":{"line":47,"column":18}},"19":{"start":{"line":52,"column":15},"end":{"line":52,"column":28}},"20":{"start":{"line":53,"column":4},"end":{"line":66,"column":5}},"21":{"start":{"line":54,"column":20},"end":{"line":58,"column":8}},"22":{"start":{"line":59,"column":6},"end":{"line":61,"column":7}},"23":{"start":{"line":60,"column":8},"end":{"line":60,"column":63}},"24":{"start":{"line":63,"column":6},"end":{"line":63,"column":41}},"25":{"start":{"line":65,"column":6},"end":{"line":65,"column":18}},"26":{"start":{"line":70,"column":4},"end":{"line":105,"column":5}},"27":{"start":{"line":71,"column":21},"end":{"line":74,"column":8}},"28":{"start":{"line":77,"column":24},"end":{"line":77,"column":26}},"29":{"start":{"line":78,"column":6},"end":{"line":96,"column":9}},"30":{"start":{"line":79,"column":8},"end":{"line":95,"column":9}},"31":{"start":{"line":80,"column":10},"end":{"line":94,"column":11}},"32":{"start":{"line":83,"column":14},"end":{"line":85,"column":30}},"33":{"start":{"line":87,"column":12},"end":{"line":91,"column":13}},"34":{"start":{"line":88,"column":14},"end":{"line":88,"column":45}},"35":{"start":{"line":89,"column":19},"end":{"line":91,"column":13}},"36":{"start":{"line":90,"column":14},"end":{"line":90,"column":42}},"37":{"start":{"line":93,"column":12},"end":{"line":93,"column":58}},"38":{"start":{"line":99,"column":27},"end":{"line":99,"column":73}},"39":{"start":{"line":101,"column":6},"end":{"line":101,"column":48}},"40":{"start":{"line":103,"column":6},"end":{"line":103,"column":50}},"41":{"start":{"line":104,"column":6},"end":{"line":104,"column":18}},"42":{"start":{"line":109,"column":0},"end":{"line":109,"column":33}}},"fnMap":{"0":{"name":"(anonymous_0)","decl":{"start":{"line":5,"column":2},"end":{"line":5,"column":3}},"loc":{"start":{"line":5,"column":44},"end":{"line":49,"column":3}},"line":5},"1":{"name":"(anonymous_1)","decl":{"start":{"line":51,"column":2},"end":{"line":51,"column":3}},"loc":{"start":{"line":51,"column":44},"end":{"line":67,"column":3}},"line":51},"2":{"name":"(anonymous_2)","decl":{"start":{"line":69,"column":2},"end":{"line":69,"column":3}},"loc":{"start":{"line":69,"column":41},"end":{"line":106,"column":3}},"line":69},"3":{"name":"(anonymous_3)","decl":{"start":{"line":78,"column":21},"end":{"line":78,"column":22}},"loc":{"start":{"line":78,"column":32},"end":{"line":96,"column":7}},"line":78}},"branchMap":{"0":{"loc":{"start":{"line":10,"column":25},"end":{"line":10,"column":44}},"type":"binary-expr","locations":[{"start":{"line":10,"column":25},"end":{"line":10,"column":39}},{"start":{"line":10,"column":43},"end":{"line":10,"column":44}}],"line":10},"1":{"loc":{"start":{"line":11,"column":23},"end":{"line":11,"column":44}},"type":"binary-expr","locations":[{"start":{"line":11,"column":23},"end":{"line":11,"column":38}},{"start":{"line":11,"column":42},"end":{"line":11,"column":44}}],"line":11},"2":{"loc":{"start":{"line":16,"column":6},"end":{"line":18,"column":7}},"type":"if","locations":[{"start":{"line":16,"column":6},"end":{"line":18,"column":7}},{"start":{},"end":{}}],"line":16},"3":{"loc":{"start":{"line":23,"column":6},"end":{"line":27,"column":7}},"type":"if","locations":[{"start":{"line":23,"column":6},"end":{"line":27,"column":7}},{"start":{"line":25,"column":13},"end":{"line":27,"column":7}}],"line":23},"4":{"loc":{"start":{"line":25,"column":13},"end":{"line":27,"column":7}},"type":"if","locations":[{"start":{"line":25,"column":13},"end":{"line":27,"column":7}},{"start":{},"end":{}}],"line":25},"5":{"loc":{"start":{"line":59,"column":6},"end":{"line":61,"column":7}},"type":"if","locations":[{"start":{"line":59,"column":6},"end":{"line":61,"column":7}},{"start":{},"end":{}}],"line":59},"6":{"loc":{"start":{"line":79,"column":8},"end":{"line":95,"column":9}},"type":"if","locations":[{"start":{"line":79,"column":8},"end":{"line":95,"column":9}},{"start":{},"end":{}}],"line":79},"7":{"loc":{"start":{"line":83,"column":14},"end":{"line":85,"column":30}},"type":"cond-expr","locations":[{"start":{"line":84,"column":18},"end":{"line":84,"column":42}},{"start":{"line":85,"column":18},"end":{"line":85,"column":30}}],"line":83},"8":{"loc":{"start":{"line":87,"column":12},"end":{"line":91,"column":13}},"type":"if","locations":[{"start":{"line":87,"column":12},"end":{"line":91,"column":13}},{"start":{"line":89,"column":19},"end":{"line":91,"column":13}}],"line":87},"9":{"loc":{"start":{"line":89,"column":19},"end":{"line":91,"column":13}},"type":"if","locations":[{"start":{"line":89,"column":19},"end":{"line":91,"column":13}},{"start":{},"end":{}}],"line":89}},"s":{"0":1,"1":1,"2":6,"3":6,"4":6,"5":6,"6":6,"7":6,"8":6,"9":1,"10":6,"11":6,"12":1,"13":5,"14":1,"15":6,"16":6,"17":0,"18":0,"19":2,"20":2,"21":2,"22":2,"23":1,"24":1,"25":1,"26":2,"27":2,"28":2,"29":2,"30":11,"31":11,"32":11,"33":10,"34":10,"35":0,"36":0,"37":1,"38":2,"39":2,"40":0,"41":0,"42":1},"f":{"0":6,"1":2,"2":2,"3":11},"b":{"0":[6,4],"1":[6,4],"2":[1,5],"3":[1,5],"4":[1,4],"5":[1,1],"6":[11,0],"7":[11,0],"8":[10,0],"9":[0,0]},"_coverageSchema":"1a1c01bbd47fc00a2c39e90264f33305004495a9","hash":"6dc2b35b21d7d12f0025faa6ea0f867df0fd6390"}
,"/Users/fahrinzrdn/Documents/Hacktiv8/phase-2-repeat/Individual Project/IP-RMT61/server-side/controllers/PaymentController.js": {"path":"/Users/fahrinzrdn/Documents/Hacktiv8/phase-2-repeat/Individual Project/IP-RMT61/server-side/controllers/PaymentController.js","statementMap":{"0":{"start":{"line":1,"column":23},"end":{"line":1,"column":49}},"1":{"start":{"line":2,"column":18},"end":{"line":2,"column":38}},"2":{"start":{"line":6,"column":4},"end":{"line":49,"column":5}},"3":{"start":{"line":7,"column":19},"end":{"line":11,"column":8}},"4":{"start":{"line":13,"column":22},"end":{"line":13,"column":46}},"5":{"start":{"line":14,"column":21},"end":{"line":14,"column":27}},"6":{"start":{"line":16,"column":22},"end":{"line":30,"column":7}},"7":{"start":{"line":32,"column":26},"end":{"line":32,"column":65}},"8":{"start":{"line":33,"column":29},"end":{"line":33,"column":46}},"9":{"start":{"line":34,"column":6},"end":{"line":34,"column":57}},"10":{"start":{"line":36,"column":7},"end":{"line":40,"column":10}},"11":{"start":{"line":42,"column":6},"end":{"line":44,"column":9}},"12":{"start":{"line":48,"column":6},"end":{"line":48,"column":18}},"13":{"start":{"line":53,"column":0},"end":{"line":53,"column":36}}},"fnMap":{"0":{"name":"(anonymous_0)","decl":{"start":{"line":5,"column":2},"end":{"line":5,"column":3}},"loc":{"start":{"line":5,"column":47},"end":{"line":50,"column":3}},"line":5}},"branchMap":{},"s":{"0":1,"1":1,"2":1,"3":1,"4":1,"5":1,"6":1,"7":1,"8":1,"9":1,"10":1,"11":0,"12":1,"13":1},"f":{"0":1},"b":{},"_coverageSchema":"1a1c01bbd47fc00a2c39e90264f33305004495a9","hash":"fc183a3c38efa5fcbf3142b107df430bd8ca9141"}
,"/Users/fahrinzrdn/Documents/Hacktiv8/phase-2-repeat/Individual Project/IP-RMT61/server-side/controllers/UserController.js": {"path":"/Users/fahrinzrdn/Documents/Hacktiv8/phase-2-repeat/Individual Project/IP-RMT61/server-side/controllers/UserController.js","statementMap":{"0":{"start":{"line":1,"column":17},"end":{"line":1,"column":34}},"1":{"start":{"line":2,"column":28},"end":{"line":2,"column":56}},"2":{"start":{"line":3,"column":22},"end":{"line":3,"column":47}},"3":{"start":{"line":4,"column":24},"end":{"line":4,"column":44}},"4":{"start":{"line":5,"column":25},"end":{"line":5,"column":55}},"5":{"start":{"line":6,"column":15},"end":{"line":6,"column":33}},"6":{"start":{"line":7,"column":14},"end":{"line":7,"column":30}},"7":{"start":{"line":10,"column":0},"end":{"line":202,"column":2}},"8":{"start":{"line":12,"column":4},"end":{"line":68,"column":5}},"9":{"start":{"line":14,"column":6},"end":{"line":14,"column":54}},"10":{"start":{"line":16,"column":26},"end":{"line":16,"column":34}},"11":{"start":{"line":18,"column":20},"end":{"line":20,"column":8}},"12":{"start":{"line":22,"column":6},"end":{"line":24,"column":7}},"13":{"start":{"line":23,"column":10},"end":{"line":23,"column":65}},"14":{"start":{"line":25,"column":6},"end":{"line":27,"column":7}},"15":{"start":{"line":26,"column":8},"end":{"line":26,"column":73}},"16":{"start":{"line":29,"column":6},"end":{"line":31,"column":7}},"17":{"start":{"line":30,"column":8},"end":{"line":30,"column":69}},"18":{"start":{"line":34,"column":30},"end":{"line":36,"column":26}},"19":{"start":{"line":38,"column":21},"end":{"line":45,"column":7}},"20":{"start":{"line":46,"column":6},"end":{"line":46,"column":54}},"21":{"start":{"line":47,"column":6},"end":{"line":63,"column":7}},"22":{"start":{"line":49,"column":21},"end":{"line":49,"column":53}},"23":{"start":{"line":50,"column":8},"end":{"line":52,"column":9}},"24":{"start":{"line":51,"column":10},"end":{"line":51,"column":64}},"25":{"start":{"line":55,"column":8},"end":{"line":55,"column":49}},"26":{"start":{"line":56,"column":8},"end":{"line":56,"column":69}},"27":{"start":{"line":58,"column":8},"end":{"line":58,"column":63}},"28":{"start":{"line":60,"column":8},"end":{"line":62,"column":11}},"29":{"start":{"line":66,"column":6},"end":{"line":66,"column":52}},"30":{"start":{"line":67,"column":6},"end":{"line":67,"column":18}},"31":{"start":{"line":72,"column":4},"end":{"line":99,"column":5}},"32":{"start":{"line":73,"column":30},"end":{"line":73,"column":38}},"33":{"start":{"line":74,"column":6},"end":{"line":76,"column":7}},"34":{"start":{"line":75,"column":8},"end":{"line":75,"column":74}},"35":{"start":{"line":78,"column":21},"end":{"line":81,"column":8}},"36":{"start":{"line":82,"column":22},"end":{"line":82,"column":41}},"37":{"start":{"line":83,"column":6},"end":{"line":83,"column":54}},"38":{"start":{"line":85,"column":30},"end":{"line":92,"column":8}},"39":{"start":{"line":94,"column":27},"end":{"line":94,"column":53}},"40":{"start":{"line":96,"column":6},"end":{"line":96,"column":99}},"41":{"start":{"line":98,"column":6},"end":{"line":98,"column":18}},"42":{"start":{"line":103,"column":4},"end":{"line":118,"column":5}},"43":{"start":{"line":104,"column":44},"end":{"line":104,"column":52}},"44":{"start":{"line":105,"column":20},"end":{"line":109,"column":8}},"45":{"start":{"line":111,"column":6},"end":{"line":115,"column":9}},"46":{"start":{"line":117,"column":6},"end":{"line":117,"column":18}},"47":{"start":{"line":122,"column":4},"end":{"line":146,"column":5}},"48":{"start":{"line":123,"column":34},"end":{"line":123,"column":42}},"49":{"start":{"line":124,"column":6},"end":{"line":124,"column":9}},"50":{"start":{"line":125,"column":6},"end":{"line":127,"column":7}},"51":{"start":{"line":126,"column":8},"end":{"line":126,"column":67}},"52":{"start":{"line":128,"column":6},"end":{"line":130,"column":7}},"53":{"start":{"line":129,"column":8},"end":{"line":129,"column":70}},"54":{"start":{"line":131,"column":19},"end":{"line":131,"column":59}},"55":{"start":{"line":132,"column":6},"end":{"line":134,"column":7}},"56":{"start":{"line":133,"column":8},"end":{"line":133,"column":77}},"57":{"start":{"line":136,"column":30},"end":{"line":136,"column":70}},"58":{"start":{"line":137,"column":6},"end":{"line":139,"column":7}},"59":{"start":{"line":138,"column":8},"end":{"line":138,"column":77}},"60":{"start":{"line":140,"column":27},"end":{"line":140,"column":53}},"61":{"start":{"line":141,"column":6},"end":{"line":141,"column":91}},"62":{"start":{"line":143,"column":6},"end":{"line":143,"column":47}},"63":{"start":{"line":145,"column":6},"end":{"line":145,"column":18}},"64":{"start":{"line":150,"column":4},"end":{"line":163,"column":5}},"65":{"start":{"line":151,"column":21},"end":{"line":151,"column":31}},"66":{"start":{"line":153,"column":19},"end":{"line":155,"column":8}},"67":{"start":{"line":157,"column":6},"end":{"line":159,"column":7}},"68":{"start":{"line":158,"column":8},"end":{"line":158,"column":62}},"69":{"start":{"line":160,"column":6},"end":{"line":160,"column":40}},"70":{"start":{"line":162,"column":6},"end":{"line":162,"column":18}},"71":{"start":{"line":167,"column":4},"end":{"line":186,"column":5}},"72":{"start":{"line":168,"column":21},"end":{"line":168,"column":31}},"73":{"start":{"line":169,"column":44},"end":{"line":169,"column":52}},"74":{"start":{"line":170,"column":19},"end":{"line":170,"column":42}},"75":{"start":{"line":171,"column":6},"end":{"line":173,"column":7}},"76":{"start":{"line":172,"column":8},"end":{"line":172,"column":62}},"77":{"start":{"line":174,"column":26},"end":{"line":178,"column":8}},"78":{"start":{"line":179,"column":6},"end":{"line":183,"column":9}},"79":{"start":{"line":185,"column":6},"end":{"line":185,"column":18}},"80":{"start":{"line":190,"column":4},"end":{"line":200,"column":5}},"81":{"start":{"line":191,"column":21},"end":{"line":191,"column":31}},"82":{"start":{"line":192,"column":19},"end":{"line":192,"column":42}},"83":{"start":{"line":193,"column":6},"end":{"line":195,"column":7}},"84":{"start":{"line":194,"column":8},"end":{"line":194,"column":62}},"85":{"start":{"line":196,"column":6},"end":{"line":196,"column":27}},"86":{"start":{"line":197,"column":6},"end":{"line":197,"column":76}},"87":{"start":{"line":199,"column":6},"end":{"line":199,"column":18}}},"fnMap":{"0":{"name":"(anonymous_0)","decl":{"start":{"line":11,"column":2},"end":{"line":11,"column":3}},"loc":{"start":{"line":11,"column":43},"end":{"line":69,"column":3}},"line":11},"1":{"name":"(anonymous_1)","decl":{"start":{"line":71,"column":2},"end":{"line":71,"column":3}},"loc":{"start":{"line":71,"column":43},"end":{"line":100,"column":3}},"line":71},"2":{"name":"(anonymous_2)","decl":{"start":{"line":102,"column":2},"end":{"line":102,"column":3}},"loc":{"start":{"line":102,"column":40},"end":{"line":119,"column":3}},"line":102},"3":{"name":"(anonymous_3)","decl":{"start":{"line":121,"column":2},"end":{"line":121,"column":3}},"loc":{"start":{"line":121,"column":37},"end":{"line":147,"column":3}},"line":121},"4":{"name":"(anonymous_4)","decl":{"start":{"line":149,"column":2},"end":{"line":149,"column":3}},"loc":{"start":{"line":149,"column":43},"end":{"line":164,"column":3}},"line":149},"5":{"name":"(anonymous_5)","decl":{"start":{"line":166,"column":2},"end":{"line":166,"column":3}},"loc":{"start":{"line":166,"column":42},"end":{"line":187,"column":3}},"line":166},"6":{"name":"(anonymous_6)","decl":{"start":{"line":189,"column":2},"end":{"line":189,"column":3}},"loc":{"start":{"line":189,"column":42},"end":{"line":201,"column":3}},"line":189}},"branchMap":{"0":{"loc":{"start":{"line":22,"column":6},"end":{"line":24,"column":7}},"type":"if","locations":[{"start":{"line":22,"column":6},"end":{"line":24,"column":7}},{"start":{},"end":{}}],"line":22},"1":{"loc":{"start":{"line":25,"column":6},"end":{"line":27,"column":7}},"type":"if","locations":[{"start":{"line":25,"column":6},"end":{"line":27,"column":7}},{"start":{},"end":{}}],"line":25},"2":{"loc":{"start":{"line":29,"column":6},"end":{"line":31,"column":7}},"type":"if","locations":[{"start":{"line":29,"column":6},"end":{"line":31,"column":7}},{"start":{},"end":{}}],"line":29},"3":{"loc":{"start":{"line":47,"column":6},"end":{"line":63,"column":7}},"type":"if","locations":[{"start":{"line":47,"column":6},"end":{"line":63,"column":7}},{"start":{"line":59,"column":13},"end":{"line":63,"column":7}}],"line":47},"4":{"loc":{"start":{"line":47,"column":10},"end":{"line":47,"column":77}},"type":"binary-expr","locations":[{"start":{"line":47,"column":10},"end":{"line":47,"column":47}},{"start":{"line":47,"column":51},"end":{"line":47,"column":77}}],"line":47},"5":{"loc":{"start":{"line":50,"column":8},"end":{"line":52,"column":9}},"type":"if","locations":[{"start":{"line":50,"column":8},"end":{"line":52,"column":9}},{"start":{},"end":{}}],"line":50},"6":{"loc":{"start":{"line":74,"column":6},"end":{"line":76,"column":7}},"type":"if","locations":[{"start":{"line":74,"column":6},"end":{"line":76,"column":7}},{"start":{},"end":{}}],"line":74},"7":{"loc":{"start":{"line":96,"column":17},"end":{"line":96,"column":36}},"type":"cond-expr","locations":[{"start":{"line":96,"column":27},"end":{"line":96,"column":30}},{"start":{"line":96,"column":33},"end":{"line":96,"column":36}}],"line":96},"8":{"loc":{"start":{"line":125,"column":6},"end":{"line":127,"column":7}},"type":"if","locations":[{"start":{"line":125,"column":6},"end":{"line":127,"column":7}},{"start":{},"end":{}}],"line":125},"9":{"loc":{"start":{"line":128,"column":6},"end":{"line":130,"column":7}},"type":"if","locations":[{"start":{"line":128,"column":6},"end":{"line":130,"column":7}},{"start":{},"end":{}}],"line":128},"10":{"loc":{"start":{"line":132,"column":6},"end":{"line":134,"column":7}},"type":"if","locations":[{"start":{"line":132,"column":6},"end":{"line":134,"column":7}},{"start":{},"end":{}}],"line":132},"11":{"loc":{"start":{"line":137,"column":6},"end":{"line":139,"column":7}},"type":"if","locations":[{"start":{"line":137,"column":6},"end":{"line":139,"column":7}},{"start":{},"end":{}}],"line":137},"12":{"loc":{"start":{"line":157,"column":6},"end":{"line":159,"column":7}},"type":"if","locations":[{"start":{"line":157,"column":6},"end":{"line":159,"column":7}},{"start":{},"end":{}}],"line":157},"13":{"loc":{"start":{"line":171,"column":6},"end":{"line":173,"column":7}},"type":"if","locations":[{"start":{"line":171,"column":6},"end":{"line":173,"column":7}},{"start":{},"end":{}}],"line":171},"14":{"loc":{"start":{"line":193,"column":6},"end":{"line":195,"column":7}},"type":"if","locations":[{"start":{"line":193,"column":6},"end":{"line":195,"column":7}},{"start":{},"end":{}}],"line":193}},"s":{"0":1,"1":1,"2":1,"3":1,"4":1,"5":1,"6":1,"7":1,"8":6,"9":6,"10":6,"11":6,"12":0,"13":0,"14":0,"15":0,"16":0,"17":0,"18":0,"19":0,"20":0,"21":0,"22":0,"23":0,"24":0,"25":0,"26":0,"27":0,"28":0,"29":6,"30":6,"31":6,"32":6,"33":6,"34":1,"35":5,"36":3,"37":3,"38":3,"39":3,"40":3,"41":3,"42":9,"43":9,"44":9,"45":2,"46":7,"47":7,"48":7,"49":7,"50":7,"51":2,"52":5,"53":2,"54":3,"55":3,"56":1,"57":2,"58":2,"59":2,"60":0,"61":0,"62":7,"63":7,"64":4,"65":4,"66":4,"67":4,"68":2,"69":2,"70":2,"71":3,"72":3,"73":3,"74":3,"75":3,"76":1,"77":2,"78":1,"79":2,"80":3,"81":3,"82":3,"83":3,"84":1,"85":2,"86":1,"87":2},"f":{"0":6,"1":6,"2":9,"3":7,"4":4,"5":3,"6":3},"b":{"0":[0,0],"1":[0,0],"2":[0,0],"3":[0,0],"4":[0,0],"5":[0,0],"6":[1,5],"7":[2,1],"8":[2,5],"9":[2,3],"10":[1,2],"11":[2,0],"12":[2,2],"13":[1,2],"14":[1,2]},"_coverageSchema":"1a1c01bbd47fc00a2c39e90264f33305004495a9","hash":"941902128a88af0e3bab0ed59208b4f0c36a1f93"}
,"/Users/fahrinzrdn/Documents/Hacktiv8/phase-2-repeat/Individual Project/IP-RMT61/server-side/controllers/WatchlistController.js": {"path":"/Users/fahrinzrdn/Documents/Hacktiv8/phase-2-repeat/Individual Project/IP-RMT61/server-side/controllers/WatchlistController.js","statementMap":{"0":{"start":{"line":1,"column":29},"end":{"line":1,"column":49}},"1":{"start":{"line":3,"column":0},"end":{"line":72,"column":2}},"2":{"start":{"line":5,"column":24},"end":{"line":5,"column":32}},"3":{"start":{"line":6,"column":19},"end":{"line":6,"column":30}},"4":{"start":{"line":7,"column":4},"end":{"line":9,"column":5}},"5":{"start":{"line":8,"column":6},"end":{"line":8,"column":66}},"6":{"start":{"line":10,"column":4},"end":{"line":12,"column":5}},"7":{"start":{"line":11,"column":6},"end":{"line":11,"column":65}},"8":{"start":{"line":13,"column":4},"end":{"line":25,"column":5}},"9":{"start":{"line":14,"column":28},"end":{"line":17,"column":8}},"10":{"start":{"line":19,"column":6},"end":{"line":22,"column":9}},"11":{"start":{"line":24,"column":6},"end":{"line":24,"column":18}},"12":{"start":{"line":29,"column":19},"end":{"line":29,"column":30}},"13":{"start":{"line":30,"column":4},"end":{"line":44,"column":5}},"14":{"start":{"line":31,"column":29},"end":{"line":39,"column":8}},"15":{"start":{"line":41,"column":6},"end":{"line":41,"column":50}},"16":{"start":{"line":43,"column":6},"end":{"line":43,"column":18}},"17":{"start":{"line":48,"column":19},"end":{"line":48,"column":29}},"18":{"start":{"line":49,"column":19},"end":{"line":49,"column":30}},"19":{"start":{"line":50,"column":4},"end":{"line":52,"column":5}},"20":{"start":{"line":51,"column":6},"end":{"line":51,"column":69}},"21":{"start":{"line":53,"column":4},"end":{"line":70,"column":5}},"22":{"start":{"line":54,"column":30},"end":{"line":56,"column":10}},"23":{"start":{"line":58,"column":8},"end":{"line":60,"column":9}},"24":{"start":{"line":59,"column":12},"end":{"line":59,"column":71}},"25":{"start":{"line":62,"column":8},"end":{"line":62,"column":38}},"26":{"start":{"line":64,"column":8},"end":{"line":66,"column":11}},"27":{"start":{"line":69,"column":8},"end":{"line":69,"column":20}}},"fnMap":{"0":{"name":"(anonymous_0)","decl":{"start":{"line":4,"column":2},"end":{"line":4,"column":3}},"loc":{"start":{"line":4,"column":46},"end":{"line":26,"column":3}},"line":4},"1":{"name":"(anonymous_1)","decl":{"start":{"line":28,"column":2},"end":{"line":28,"column":3}},"loc":{"start":{"line":28,"column":44},"end":{"line":45,"column":3}},"line":28},"2":{"name":"(anonymous_2)","decl":{"start":{"line":47,"column":2},"end":{"line":47,"column":3}},"loc":{"start":{"line":47,"column":47},"end":{"line":71,"column":3}},"line":47}},"branchMap":{"0":{"loc":{"start":{"line":7,"column":4},"end":{"line":9,"column":5}},"type":"if","locations":[{"start":{"line":7,"column":4},"end":{"line":9,"column":5}},{"start":{},"end":{}}],"line":7},"1":{"loc":{"start":{"line":10,"column":4},"end":{"line":12,"column":5}},"type":"if","locations":[{"start":{"line":10,"column":4},"end":{"line":12,"column":5}},{"start":{},"end":{}}],"line":10},"2":{"loc":{"start":{"line":50,"column":4},"end":{"line":52,"column":5}},"type":"if","locations":[{"start":{"line":50,"column":4},"end":{"line":52,"column":5}},{"start":{},"end":{}}],"line":50},"3":{"loc":{"start":{"line":58,"column":8},"end":{"line":60,"column":9}},"type":"if","locations":[{"start":{"line":58,"column":8},"end":{"line":60,"column":9}},{"start":{},"end":{}}],"line":58}},"s":{"0":1,"1":1,"2":2,"3":2,"4":2,"5":1,"6":1,"7":0,"8":1,"9":1,"10":1,"11":0,"12":1,"13":1,"14":1,"15":1,"16":0,"17":2,"18":2,"19":2,"20":0,"21":2,"22":2,"23":2,"24":1,"25":1,"26":1,"27":1},"f":{"0":2,"1":1,"2":2},"b":{"0":[1,1],"1":[0,1],"2":[0,2],"3":[1,1]},"_coverageSchema":"1a1c01bbd47fc00a2c39e90264f33305004495a9","hash":"9ff2b123d0c6a801a36c953aca8407b49fb89598"}
,"/Users/fahrinzrdn/Documents/Hacktiv8/phase-2-repeat/Individual Project/IP-RMT61/server-side/helpers/bcrypt.js": {"path":"/Users/fahrinzrdn/Documents/Hacktiv8/phase-2-repeat/Individual Project/IP-RMT61/server-side/helpers/bcrypt.js","statementMap":{"0":{"start":{"line":1,"column":15},"end":{"line":1,"column":34}},"1":{"start":{"line":3,"column":21},"end":{"line":6,"column":1}},"2":{"start":{"line":4,"column":15},"end":{"line":4,"column":37}},"3":{"start":{"line":5,"column":2},"end":{"line":5,"column":41}},"4":{"start":{"line":8,"column":24},"end":{"line":10,"column":1}},"5":{"start":{"line":9,"column":2},"end":{"line":9,"column":54}},"6":{"start":{"line":12,"column":0},"end":{"line":12,"column":51}}},"fnMap":{"0":{"name":"(anonymous_0)","decl":{"start":{"line":3,"column":21},"end":{"line":3,"column":22}},"loc":{"start":{"line":3,"column":35},"end":{"line":6,"column":1}},"line":3},"1":{"name":"(anonymous_1)","decl":{"start":{"line":8,"column":24},"end":{"line":8,"column":25}},"loc":{"start":{"line":8,"column":54},"end":{"line":10,"column":1}},"line":8}},"branchMap":{},"s":{"0":1,"1":1,"2":32,"3":32,"4":1,"5":2,"6":1},"f":{"0":32,"1":2},"b":{},"_coverageSchema":"1a1c01bbd47fc00a2c39e90264f33305004495a9","hash":"51fd4bf01d4299810f9cf43600f8d6a3fd4614a6"}
,"/Users/fahrinzrdn/Documents/Hacktiv8/phase-2-repeat/Individual Project/IP-RMT61/server-side/helpers/jwt.js": {"path":"/Users/fahrinzrdn/Documents/Hacktiv8/phase-2-repeat/Individual Project/IP-RMT61/server-side/helpers/jwt.js","statementMap":{"0":{"start":{"line":1,"column":12},"end":{"line":1,"column":35}},"1":{"start":{"line":3,"column":15},"end":{"line":3,"column":37}},"2":{"start":{"line":5,"column":18},"end":{"line":7,"column":1}},"3":{"start":{"line":6,"column":2},"end":{"line":6,"column":35}},"4":{"start":{"line":9,"column":20},"end":{"line":11,"column":1}},"5":{"start":{"line":10,"column":2},"end":{"line":10,"column":35}},"6":{"start":{"line":13,"column":0},"end":{"line":13,"column":44}}},"fnMap":{"0":{"name":"(anonymous_0)","decl":{"start":{"line":5,"column":18},"end":{"line":5,"column":19}},"loc":{"start":{"line":5,"column":31},"end":{"line":7,"column":1}},"line":5},"1":{"name":"(anonymous_1)","decl":{"start":{"line":9,"column":20},"end":{"line":9,"column":21}},"loc":{"start":{"line":9,"column":31},"end":{"line":11,"column":1}},"line":9}},"branchMap":{},"s":{"0":1,"1":1,"2":1,"3":13,"4":1,"5":36,"6":1},"f":{"0":13,"1":36},"b":{},"_coverageSchema":"1a1c01bbd47fc00a2c39e90264f33305004495a9","hash":"d1852a302ac82ebfb2d7f1cc6105fb9a75143841"}
,"/Users/fahrinzrdn/Documents/Hacktiv8/phase-2-repeat/Individual Project/IP-RMT61/server-side/helpers/openai.js": {"path":"/Users/fahrinzrdn/Documents/Hacktiv8/phase-2-repeat/Individual Project/IP-RMT61/server-side/helpers/openai.js","statementMap":{"0":{"start":{"line":1,"column":0},"end":{"line":1,"column":27}},"1":{"start":{"line":2,"column":15},"end":{"line":2,"column":32}},"2":{"start":{"line":4,"column":15},"end":{"line":6,"column":2}},"3":{"start":{"line":9,"column":21},"end":{"line":17,"column":4}},"4":{"start":{"line":18,"column":2},"end":{"line":18,"column":47}},"5":{"start":{"line":23,"column":16},"end":{"line":23,"column":52}},"6":{"start":{"line":24,"column":2},"end":{"line":27,"column":21}},"7":{"start":{"line":25,"column":22},"end":{"line":25,"column":37}},"8":{"start":{"line":26,"column":19},"end":{"line":26,"column":30}},"9":{"start":{"line":30,"column":0},"end":{"line":30,"column":64}}},"fnMap":{"0":{"name":"getAIResponse","decl":{"start":{"line":8,"column":15},"end":{"line":8,"column":28}},"loc":{"start":{"line":8,"column":39},"end":{"line":19,"column":1}},"line":8},"1":{"name":"extractKeywordsFromResponse","decl":{"start":{"line":21,"column":9},"end":{"line":21,"column":36}},"loc":{"start":{"line":21,"column":47},"end":{"line":28,"column":1}},"line":21},"2":{"name":"(anonymous_2)","decl":{"start":{"line":25,"column":12},"end":{"line":25,"column":13}},"loc":{"start":{"line":25,"column":22},"end":{"line":25,"column":37}},"line":25},"3":{"name":"(anonymous_3)","decl":{"start":{"line":26,"column":9},"end":{"line":26,"column":10}},"loc":{"start":{"line":26,"column":19},"end":{"line":26,"column":30}},"line":26}},"branchMap":{},"s":{"0":1,"1":1,"2":1,"3":1,"4":1,"5":1,"6":1,"7":73,"8":72,"9":1},"f":{"0":1,"1":1,"2":73,"3":72},"b":{},"_coverageSchema":"1a1c01bbd47fc00a2c39e90264f33305004495a9","hash":"c3ae3e064459a5362a9710cc7dd9f24450f8e595"}
,"/Users/fahrinzrdn/Documents/Hacktiv8/phase-2-repeat/Individual Project/IP-RMT61/server-side/middlewares/authentication.js": {"path":"/Users/fahrinzrdn/Documents/Hacktiv8/phase-2-repeat/Individual Project/IP-RMT61/server-side/middlewares/authentication.js","statementMap":{"0":{"start":{"line":1,"column":24},"end":{"line":1,"column":49}},"1":{"start":{"line":2,"column":17},"end":{"line":2,"column":37}},"2":{"start":{"line":5,"column":2},"end":{"line":32,"column":3}},"3":{"start":{"line":6,"column":30},"end":{"line":6,"column":41}},"4":{"start":{"line":8,"column":4},"end":{"line":10,"column":5}},"5":{"start":{"line":9,"column":6},"end":{"line":9,"column":59}},"6":{"start":{"line":12,"column":18},"end":{"line":12,"column":45}},"7":{"start":{"line":13,"column":20},"end":{"line":13,"column":38}},"8":{"start":{"line":15,"column":17},"end":{"line":15,"column":48}},"9":{"start":{"line":16,"column":4},"end":{"line":18,"column":5}},"10":{"start":{"line":17,"column":6},"end":{"line":17,"column":58}},"11":{"start":{"line":20,"column":4},"end":{"line":24,"column":6}},"12":{"start":{"line":26,"column":4},"end":{"line":26,"column":11}},"13":{"start":{"line":29,"column":4},"end":{"line":29,"column":32}},"14":{"start":{"line":30,"column":4},"end":{"line":30,"column":36}},"15":{"start":{"line":31,"column":4},"end":{"line":31,"column":16}},"16":{"start":{"line":35,"column":0},"end":{"line":35,"column":32}}},"fnMap":{"0":{"name":"authentication","decl":{"start":{"line":4,"column":15},"end":{"line":4,"column":29}},"loc":{"start":{"line":4,"column":46},"end":{"line":33,"column":1}},"line":4}},"branchMap":{"0":{"loc":{"start":{"line":8,"column":4},"end":{"line":10,"column":5}},"type":"if","locations":[{"start":{"line":8,"column":4},"end":{"line":10,"column":5}},{"start":{},"end":{}}],"line":8},"1":{"loc":{"start":{"line":16,"column":4},"end":{"line":18,"column":5}},"type":"if","locations":[{"start":{"line":16,"column":4},"end":{"line":18,"column":5}},{"start":{},"end":{}}],"line":16}},"s":{"0":1,"1":1,"2":46,"3":46,"4":46,"5":10,"6":36,"7":36,"8":34,"9":34,"10":0,"11":34,"12":34,"13":12,"14":12,"15":12,"16":1},"f":{"0":46},"b":{"0":[10,36],"1":[0,34]},"_coverageSchema":"1a1c01bbd47fc00a2c39e90264f33305004495a9","hash":"0757778526e0dfd0b3803aa4d93ea2f4afe4bbbd"}
,"/Users/fahrinzrdn/Documents/Hacktiv8/phase-2-repeat/Individual Project/IP-RMT61/server-side/middlewares/errorHandler.js": {"path":"/Users/fahrinzrdn/Documents/Hacktiv8/phase-2-repeat/Individual Project/IP-RMT61/server-side/middlewares/errorHandler.js","statementMap":{"0":{"start":{"line":2,"column":2},"end":{"line":2,"column":29}},"1":{"start":{"line":3,"column":2},"end":{"line":20,"column":3}},"2":{"start":{"line":6,"column":6},"end":{"line":6,"column":72}},"3":{"start":{"line":8,"column":6},"end":{"line":8,"column":64}},"4":{"start":{"line":11,"column":6},"end":{"line":11,"column":62}},"5":{"start":{"line":13,"column":6},"end":{"line":13,"column":62}},"6":{"start":{"line":15,"column":6},"end":{"line":15,"column":73}},"7":{"start":{"line":17,"column":6},"end":{"line":17,"column":62}},"8":{"start":{"line":19,"column":6},"end":{"line":19,"column":72}},"9":{"start":{"line":23,"column":0},"end":{"line":23,"column":30}}},"fnMap":{"0":{"name":"errorHandler","decl":{"start":{"line":1,"column":9},"end":{"line":1,"column":21}},"loc":{"start":{"line":1,"column":45},"end":{"line":21,"column":1}},"line":1}},"branchMap":{"0":{"loc":{"start":{"line":3,"column":2},"end":{"line":20,"column":3}},"type":"switch","locations":[{"start":{"line":4,"column":4},"end":{"line":4,"column":36}},{"start":{"line":5,"column":4},"end":{"line":6,"column":72}},{"start":{"line":7,"column":4},"end":{"line":8,"column":64}},{"start":{"line":9,"column":4},"end":{"line":9,"column":29}},{"start":{"line":10,"column":4},"end":{"line":11,"column":62}},{"start":{"line":12,"column":4},"end":{"line":13,"column":62}},{"start":{"line":14,"column":4},"end":{"line":15,"column":73}},{"start":{"line":16,"column":4},"end":{"line":17,"column":62}},{"start":{"line":18,"column":4},"end":{"line":19,"column":72}}],"line":3}},"s":{"0":45,"1":45,"2":5,"3":0,"4":15,"5":7,"6":0,"7":5,"8":13,"9":1},"f":{"0":45},"b":{"0":[3,5,0,0,15,7,0,5,13]},"_coverageSchema":"1a1c01bbd47fc00a2c39e90264f33305004495a9","hash":"d6d24b960a023130a8727584e2b2f79ef5ce7f2c"}
,"/Users/fahrinzrdn/Documents/Hacktiv8/phase-2-repeat/Individual Project/IP-RMT61/server-side/models/index.js": {"path":"/Users/fahrinzrdn/Documents/Hacktiv8/phase-2-repeat/Individual Project/IP-RMT61/server-side/models/index.js","statementMap":{"0":{"start":{"line":3,"column":11},"end":{"line":3,"column":24}},"1":{"start":{"line":4,"column":13},"end":{"line":4,"column":28}},"2":{"start":{"line":5,"column":18},"end":{"line":5,"column":38}},"3":{"start":{"line":6,"column":16},"end":{"line":6,"column":34}},"4":{"start":{"line":7,"column":17},"end":{"line":7,"column":42}},"5":{"start":{"line":8,"column":12},"end":{"line":8,"column":49}},"6":{"start":{"line":9,"column":15},"end":{"line":9,"column":65}},"7":{"start":{"line":10,"column":11},"end":{"line":10,"column":13}},"8":{"start":{"line":13,"column":0},"end":{"line":17,"column":1}},"9":{"start":{"line":14,"column":2},"end":{"line":14,"column":74}},"10":{"start":{"line":16,"column":2},"end":{"line":16,"column":87}},"11":{"start":{"line":19,"column":0},"end":{"line":32,"column":5}},"12":{"start":{"line":22,"column":4},"end":{"line":27,"column":6}},"13":{"start":{"line":30,"column":18},"end":{"line":30,"column":85}},"14":{"start":{"line":31,"column":4},"end":{"line":31,"column":27}},"15":{"start":{"line":34,"column":0},"end":{"line":38,"column":3}},"16":{"start":{"line":35,"column":2},"end":{"line":37,"column":3}},"17":{"start":{"line":36,"column":4},"end":{"line":36,"column":32}},"18":{"start":{"line":40,"column":0},"end":{"line":40,"column":25}},"19":{"start":{"line":41,"column":0},"end":{"line":41,"column":25}},"20":{"start":{"line":43,"column":0},"end":{"line":43,"column":20}}},"fnMap":{"0":{"name":"(anonymous_0)","decl":{"start":{"line":21,"column":10},"end":{"line":21,"column":11}},"loc":{"start":{"line":21,"column":18},"end":{"line":28,"column":3}},"line":21},"1":{"name":"(anonymous_1)","decl":{"start":{"line":29,"column":11},"end":{"line":29,"column":12}},"loc":{"start":{"line":29,"column":19},"end":{"line":32,"column":3}},"line":29},"2":{"name":"(anonymous_2)","decl":{"start":{"line":34,"column":24},"end":{"line":34,"column":25}},"loc":{"start":{"line":34,"column":37},"end":{"line":38,"column":1}},"line":34}},"branchMap":{"0":{"loc":{"start":{"line":8,"column":12},"end":{"line":8,"column":49}},"type":"binary-expr","locations":[{"start":{"line":8,"column":12},"end":{"line":8,"column":32}},{"start":{"line":8,"column":36},"end":{"line":8,"column":49}}],"line":8},"1":{"loc":{"start":{"line":13,"column":0},"end":{"line":17,"column":1}},"type":"if","locations":[{"start":{"line":13,"column":0},"end":{"line":17,"column":1}},{"start":{"line":15,"column":7},"end":{"line":17,"column":1}}],"line":13},"2":{"loc":{"start":{"line":23,"column":6},"end":{"line":26,"column":37}},"type":"binary-expr","locations":[{"start":{"line":23,"column":6},"end":{"line":23,"column":29}},{"start":{"line":24,"column":6},"end":{"line":24,"column":23}},{"start":{"line":25,"column":6},"end":{"line":25,"column":30}},{"start":{"line":26,"column":6},"end":{"line":26,"column":37}}],"line":23},"3":{"loc":{"start":{"line":35,"column":2},"end":{"line":37,"column":3}},"type":"if","locations":[{"start":{"line":35,"column":2},"end":{"line":37,"column":3}},{"start":{},"end":{}}],"line":35}},"s":{"0":1,"1":1,"2":1,"3":1,"4":1,"5":1,"6":1,"7":1,"8":1,"9":0,"10":1,"11":1,"12":5,"13":4,"14":4,"15":1,"16":4,"17":4,"18":1,"19":1,"20":1},"f":{"0":5,"1":4,"2":4},"b":{"0":[1,0],"1":[0,1],"2":[5,5,4,4],"3":[4,0]},"_coverageSchema":"1a1c01bbd47fc00a2c39e90264f33305004495a9","hash":"7b73f8fe60fc6c719f29e517aabf98a8044ea309"}
,"/Users/fahrinzrdn/Documents/Hacktiv8/phase-2-repeat/Individual Project/IP-RMT61/server-side/models/movie.js": {"path":"/Users/fahrinzrdn/Documents/Hacktiv8/phase-2-repeat/Individual Project/IP-RMT61/server-side/models/movie.js","statementMap":{"0":{"start":{"line":3,"column":18},"end":{"line":3,"column":38}},"1":{"start":{"line":5,"column":0},"end":{"line":62,"column":2}},"2":{"start":{"line":9,"column":6},"end":{"line":9,"column":66}},"3":{"start":{"line":13,"column":2},"end":{"line":59,"column":4}},"4":{"start":{"line":61,"column":2},"end":{"line":61,"column":15}}},"fnMap":{"0":{"name":"(anonymous_0)","decl":{"start":{"line":5,"column":17},"end":{"line":5,"column":18}},"loc":{"start":{"line":5,"column":43},"end":{"line":62,"column":1}},"line":5},"1":{"name":"(anonymous_1)","decl":{"start":{"line":7,"column":4},"end":{"line":7,"column":5}},"loc":{"start":{"line":7,"column":29},"end":{"line":10,"column":5}},"line":7}},"branchMap":{},"s":{"0":1,"1":1,"2":1,"3":1,"4":1},"f":{"0":1,"1":1},"b":{},"_coverageSchema":"1a1c01bbd47fc00a2c39e90264f33305004495a9","hash":"200ca243100703c0fe578c37cac184625b24f4ec"}
,"/Users/fahrinzrdn/Documents/Hacktiv8/phase-2-repeat/Individual Project/IP-RMT61/server-side/models/order.js": {"path":"/Users/fahrinzrdn/Documents/Hacktiv8/phase-2-repeat/Individual Project/IP-RMT61/server-side/models/order.js","statementMap":{"0":{"start":{"line":4,"column":4},"end":{"line":4,"column":24}},"1":{"start":{"line":5,"column":0},"end":{"line":33,"column":2}},"2":{"start":{"line":9,"column":6},"end":{"line":9,"column":62}},"3":{"start":{"line":12,"column":2},"end":{"line":31,"column":4}},"4":{"start":{"line":32,"column":2},"end":{"line":32,"column":15}}},"fnMap":{"0":{"name":"(anonymous_0)","decl":{"start":{"line":5,"column":17},"end":{"line":5,"column":18}},"loc":{"start":{"line":5,"column":43},"end":{"line":33,"column":1}},"line":5},"1":{"name":"(anonymous_1)","decl":{"start":{"line":8,"column":4},"end":{"line":8,"column":5}},"loc":{"start":{"line":8,"column":29},"end":{"line":10,"column":5}},"line":8}},"branchMap":{},"s":{"0":1,"1":1,"2":1,"3":1,"4":1},"f":{"0":1,"1":1},"b":{},"_coverageSchema":"1a1c01bbd47fc00a2c39e90264f33305004495a9","hash":"6276cd90cf6cfaf8d8f3831bc377b4c05e717d7f"}
,"/Users/fahrinzrdn/Documents/Hacktiv8/phase-2-repeat/Individual Project/IP-RMT61/server-side/models/user.js": {"path":"/Users/fahrinzrdn/Documents/Hacktiv8/phase-2-repeat/Individual Project/IP-RMT61/server-side/models/user.js","statementMap":{"0":{"start":{"line":2,"column":18},"end":{"line":2,"column":38}},"1":{"start":{"line":3,"column":25},"end":{"line":3,"column":53}},"2":{"start":{"line":5,"column":0},"end":{"line":58,"column":2}},"3":{"start":{"line":9,"column":6},"end":{"line":9,"column":64}},"4":{"start":{"line":10,"column":6},"end":{"line":10,"column":60}},"5":{"start":{"line":14,"column":2},"end":{"line":55,"column":4}},"6":{"start":{"line":51,"column":10},"end":{"line":51,"column":54}},"7":{"start":{"line":57,"column":2},"end":{"line":57,"column":14}}},"fnMap":{"0":{"name":"(anonymous_0)","decl":{"start":{"line":5,"column":17},"end":{"line":5,"column":18}},"loc":{"start":{"line":5,"column":43},"end":{"line":58,"column":1}},"line":5},"1":{"name":"(anonymous_1)","decl":{"start":{"line":7,"column":4},"end":{"line":7,"column":5}},"loc":{"start":{"line":7,"column":29},"end":{"line":11,"column":5}},"line":7},"2":{"name":"(anonymous_2)","decl":{"start":{"line":50,"column":22},"end":{"line":50,"column":23}},"loc":{"start":{"line":50,"column":32},"end":{"line":52,"column":9}},"line":50}},"branchMap":{},"s":{"0":1,"1":1,"2":1,"3":1,"4":1,"5":1,"6":19,"7":1},"f":{"0":1,"1":1,"2":19},"b":{},"_coverageSchema":"1a1c01bbd47fc00a2c39e90264f33305004495a9","hash":"97ea2b3a5a759b882d998cf6d12adadb384713d4"}
,"/Users/fahrinzrdn/Documents/Hacktiv8/phase-2-repeat/Individual Project/IP-RMT61/server-side/models/watchlist.js": {"path":"/Users/fahrinzrdn/Documents/Hacktiv8/phase-2-repeat/Individual Project/IP-RMT61/server-side/models/watchlist.js","statementMap":{"0":{"start":{"line":2,"column":18},"end":{"line":2,"column":38}},"1":{"start":{"line":4,"column":0},"end":{"line":47,"column":2}},"2":{"start":{"line":8,"column":6},"end":{"line":8,"column":66}},"3":{"start":{"line":9,"column":6},"end":{"line":9,"column":68}},"4":{"start":{"line":13,"column":2},"end":{"line":44,"column":4}},"5":{"start":{"line":46,"column":2},"end":{"line":46,"column":19}}},"fnMap":{"0":{"name":"(anonymous_0)","decl":{"start":{"line":4,"column":17},"end":{"line":4,"column":18}},"loc":{"start":{"line":4,"column":43},"end":{"line":47,"column":1}},"line":4},"1":{"name":"(anonymous_1)","decl":{"start":{"line":6,"column":4},"end":{"line":6,"column":5}},"loc":{"start":{"line":6,"column":29},"end":{"line":10,"column":5}},"line":6}},"branchMap":{},"s":{"0":1,"1":1,"2":1,"3":1,"4":1,"5":1},"f":{"0":1,"1":1},"b":{},"_coverageSchema":"1a1c01bbd47fc00a2c39e90264f33305004495a9","hash":"e3ae1ac8f64054ddd69c655498458384bf9fb888"}
}
