TN:
SF:app.js
FN:20,(anonymous_0)
FNF:1
FNH:0
FNDA:0,(anonymous_0)
DA:1,1
DA:2,1
DA:4,1
DA:5,1
DA:6,1
DA:7,1
DA:8,1
DA:9,1
DA:10,1
DA:11,1
DA:13,1
DA:14,1
DA:16,1
DA:17,1
DA:18,1
DA:20,1
DA:21,0
DA:24,1
DA:25,1
DA:26,1
DA:28,1
DA:30,1
DA:32,1
DA:33,1
DA:34,1
DA:36,1
DA:37,1
DA:38,1
DA:40,1
DA:41,1
DA:42,1
DA:45,1
DA:46,1
DA:48,1
DA:54,1
LF:35
LH:34
BRDA:14,0,0,1
BRDA:14,0,1,1
BRF:2
BRH:2
end_of_record
TN:
SF:controllers/AIController.js
FN:10,(anonymous_0)
FN:19,(anonymous_1)
FN:22,(anonymous_2)
FN:45,(anonymous_3)
FN:61,(anonymous_4)
FN:62,(anonymous_5)
FN:68,(anonymous_6)
FNF:7
FNH:7
FNDA:1,(anonymous_0)
FNDA:72,(anonymous_1)
FNDA:72,(anonymous_2)
FNDA:72,(anonymous_3)
FNDA:72,(anonymous_4)
FNDA:486,(anonymous_5)
FNDA:5,(anonymous_6)
DA:4,1
DA:5,1
DA:6,1
DA:7,1
DA:11,1
DA:12,1
DA:13,1
DA:15,1
DA:17,1
DA:19,72
DA:21,1
DA:23,72
DA:37,1
DA:39,1
DA:41,1
DA:42,1
DA:45,72
DA:51,1
DA:52,1
DA:61,1
DA:62,486
DA:65,1
DA:66,1
DA:68,5
DA:82,0
DA:89,0
DA:91,0
DA:96,1
DA:101,0
DA:102,0
DA:107,1
LF:31
LH:26
BRDA:12,0,0,1
BRDA:12,0,1,0
BRDA:13,1,0,1
BRDA:13,1,1,1
BRDA:23,2,0,72
BRDA:23,2,1,72
BRDA:51,3,0,1
BRDA:51,3,1,0
BRDA:65,4,0,1
BRDA:65,4,1,0
BRF:10
BRH:7
end_of_record
TN:
SF:controllers/MovieController.js
FN:5,(anonymous_0)
FN:51,(anonymous_1)
FN:69,(anonymous_2)
FN:78,(anonymous_3)
FNF:4
FNH:4
FNDA:6,(anonymous_0)
FNDA:2,(anonymous_1)
FNDA:2,(anonymous_2)
FNDA:11,(anonymous_3)
DA:1,1
DA:2,1
DA:6,6
DA:7,6
DA:10,6
DA:11,6
DA:12,6
DA:15,6
DA:16,6
DA:17,1
DA:22,6
DA:23,6
DA:24,1
DA:25,5
DA:26,1
DA:29,6
DA:39,6
DA:46,0
DA:47,0
DA:52,2
DA:53,2
DA:54,2
DA:59,2
DA:60,1
DA:63,1
DA:65,1
DA:70,2
DA:71,2
DA:77,2
DA:78,2
DA:79,11
DA:80,11
DA:83,11
DA:87,10
DA:88,10
DA:89,0
DA:90,0
DA:93,1
DA:99,2
DA:101,2
DA:103,0
DA:104,0
DA:109,1
LF:43
LH:37
BRDA:10,0,0,6
BRDA:10,0,1,4
BRDA:11,1,0,6
BRDA:11,1,1,4
BRDA:16,2,0,1
BRDA:16,2,1,5
BRDA:23,3,0,1
BRDA:23,3,1,5
BRDA:25,4,0,1
BRDA:25,4,1,4
BRDA:59,5,0,1
BRDA:59,5,1,1
BRDA:79,6,0,11
BRDA:79,6,1,0
BRDA:83,7,0,11
BRDA:83,7,1,0
BRDA:87,8,0,10
BRDA:87,8,1,0
BRDA:89,9,0,0
BRDA:89,9,1,0
BRF:20
BRH:15
end_of_record
TN:
SF:controllers/PaymentController.js
FN:5,(anonymous_0)
FNF:1
FNH:1
FNDA:1,(anonymous_0)
DA:1,1
DA:2,1
DA:6,1
DA:7,1
DA:13,1
DA:14,1
DA:16,1
DA:32,1
DA:33,1
DA:34,1
DA:36,1
DA:42,0
DA:48,1
DA:53,1
LF:14
LH:13
BRF:0
BRH:0
end_of_record
TN:
SF:controllers/UserController.js
FN:11,(anonymous_0)
FN:71,(anonymous_1)
FN:102,(anonymous_2)
FN:121,(anonymous_3)
FN:149,(anonymous_4)
FN:166,(anonymous_5)
FN:189,(anonymous_6)
FNF:7
FNH:7
FNDA:6,(anonymous_0)
FNDA:6,(anonymous_1)
FNDA:9,(anonymous_2)
FNDA:7,(anonymous_3)
FNDA:4,(anonymous_4)
FNDA:3,(anonymous_5)
FNDA:3,(anonymous_6)
DA:1,1
DA:2,1
DA:3,1
DA:4,1
DA:5,1
DA:6,1
DA:7,1
DA:10,1
DA:12,6
DA:14,6
DA:16,6
DA:18,6
DA:22,0
DA:23,0
DA:25,0
DA:26,0
DA:29,0
DA:30,0
DA:34,0
DA:38,0
DA:46,0
DA:47,0
DA:49,0
DA:50,0
DA:51,0
DA:55,0
DA:56,0
DA:58,0
DA:60,0
DA:66,6
DA:67,6
DA:72,6
DA:73,6
DA:74,6
DA:75,1
DA:78,5
DA:82,3
DA:83,3
DA:85,3
DA:94,3
DA:96,3
DA:98,3
DA:103,9
DA:104,9
DA:105,9
DA:111,2
DA:117,7
DA:122,7
DA:123,7
DA:124,7
DA:125,7
DA:126,2
DA:128,5
DA:129,2
DA:131,3
DA:132,3
DA:133,1
DA:136,2
DA:137,2
DA:138,2
DA:140,0
DA:141,0
DA:143,7
DA:145,7
DA:150,4
DA:151,4
DA:153,4
DA:157,4
DA:158,2
DA:160,2
DA:162,2
DA:167,3
DA:168,3
DA:169,3
DA:170,3
DA:171,3
DA:172,1
DA:174,2
DA:179,1
DA:185,2
DA:190,3
DA:191,3
DA:192,3
DA:193,3
DA:194,1
DA:196,2
DA:197,1
DA:199,2
LF:88
LH:69
BRDA:22,0,0,0
BRDA:22,0,1,0
BRDA:25,1,0,0
BRDA:25,1,1,0
BRDA:29,2,0,0
BRDA:29,2,1,0
BRDA:47,3,0,0
BRDA:47,3,1,0
BRDA:47,4,0,0
BRDA:47,4,1,0
BRDA:50,5,0,0
BRDA:50,5,1,0
BRDA:74,6,0,1
BRDA:74,6,1,5
BRDA:96,7,0,2
BRDA:96,7,1,1
BRDA:125,8,0,2
BRDA:125,8,1,5
BRDA:128,9,0,2
BRDA:128,9,1,3
BRDA:132,10,0,1
BRDA:132,10,1,2
BRDA:137,11,0,2
BRDA:137,11,1,0
BRDA:157,12,0,2
BRDA:157,12,1,2
BRDA:171,13,0,1
BRDA:171,13,1,2
BRDA:193,14,0,1
BRDA:193,14,1,2
BRF:30
BRH:17
end_of_record
TN:
SF:controllers/WatchlistController.js
FN:4,(anonymous_0)
FN:28,(anonymous_1)
FN:47,(anonymous_2)
FNF:3
FNH:3
FNDA:2,(anonymous_0)
FNDA:1,(anonymous_1)
FNDA:2,(anonymous_2)
DA:1,1
DA:3,1
DA:5,2
DA:6,2
DA:7,2
DA:8,1
DA:10,1
DA:11,0
DA:13,1
DA:14,1
DA:19,1
DA:24,0
DA:29,1
DA:30,1
DA:31,1
DA:41,1
DA:43,0
DA:48,2
DA:49,2
DA:50,2
DA:51,0
DA:53,2
DA:54,2
DA:58,2
DA:59,1
DA:62,1
DA:64,1
DA:69,1
LF:28
LH:24
BRDA:7,0,0,1
BRDA:7,0,1,1
BRDA:10,1,0,0
BRDA:10,1,1,1
BRDA:50,2,0,0
BRDA:50,2,1,2
BRDA:58,3,0,1
BRDA:58,3,1,1
BRF:8
BRH:6
end_of_record
TN:
SF:helpers/bcrypt.js
FN:3,(anonymous_0)
FN:8,(anonymous_1)
FNF:2
FNH:2
FNDA:32,(anonymous_0)
FNDA:2,(anonymous_1)
DA:1,1
DA:3,1
DA:4,32
DA:5,32
DA:8,1
DA:9,2
DA:12,1
LF:7
LH:7
BRF:0
BRH:0
end_of_record
TN:
SF:helpers/jwt.js
FN:5,(anonymous_0)
FN:9,(anonymous_1)
FNF:2
FNH:2
FNDA:13,(anonymous_0)
FNDA:36,(anonymous_1)
DA:1,1
DA:3,1
DA:5,1
DA:6,13
DA:9,1
DA:10,36
DA:13,1
LF:7
LH:7
BRF:0
BRH:0
end_of_record
TN:
SF:helpers/openai.js
FN:8,getAIResponse
FN:21,extractKeywordsFromResponse
FN:25,(anonymous_2)
FN:26,(anonymous_3)
FNF:4
FNH:4
FNDA:1,getAIResponse
FNDA:1,extractKeywordsFromResponse
FNDA:73,(anonymous_2)
FNDA:72,(anonymous_3)
DA:1,1
DA:2,1
DA:4,1
DA:9,1
DA:18,1
DA:23,1
DA:24,1
DA:25,73
DA:26,72
DA:30,1
LF:10
LH:10
BRF:0
BRH:0
end_of_record
TN:
SF:middlewares/authentication.js
FN:4,authentication
FNF:1
FNH:1
FNDA:46,authentication
DA:1,1
DA:2,1
DA:5,46
DA:6,46
DA:8,46
DA:9,10
DA:12,36
DA:13,36
DA:15,34
DA:16,34
DA:17,0
DA:20,34
DA:26,34
DA:29,12
DA:30,12
DA:31,12
DA:35,1
LF:17
LH:16
BRDA:8,0,0,10
BRDA:8,0,1,36
BRDA:16,1,0,0
BRDA:16,1,1,34
BRF:4
BRH:3
end_of_record
TN:
SF:middlewares/errorHandler.js
FN:1,errorHandler
FNF:1
FNH:1
FNDA:45,errorHandler
DA:2,45
DA:3,45
DA:6,5
DA:8,0
DA:11,15
DA:13,7
DA:15,0
DA:17,5
DA:19,13
DA:23,1
LF:10
LH:8
BRDA:3,0,0,3
BRDA:3,0,1,5
BRDA:3,0,2,0
BRDA:3,0,3,0
BRDA:3,0,4,15
BRDA:3,0,5,7
BRDA:3,0,6,0
BRDA:3,0,7,5
BRDA:3,0,8,13
BRF:9
BRH:6
end_of_record
TN:
SF:models/index.js
FN:21,(anonymous_0)
FN:29,(anonymous_1)
FN:34,(anonymous_2)
FNF:3
FNH:3
FNDA:5,(anonymous_0)
FNDA:4,(anonymous_1)
FNDA:4,(anonymous_2)
DA:3,1
DA:4,1
DA:5,1
DA:6,1
DA:7,1
DA:8,1
DA:9,1
DA:10,1
DA:13,1
DA:14,0
DA:16,1
DA:19,1
DA:22,5
DA:30,4
DA:31,4
DA:34,1
DA:35,4
DA:36,4
DA:40,1
DA:41,1
DA:43,1
LF:21
LH:20
BRDA:8,0,0,1
BRDA:8,0,1,0
BRDA:13,1,0,0
BRDA:13,1,1,1
BRDA:23,2,0,5
BRDA:23,2,1,5
BRDA:23,2,2,4
BRDA:23,2,3,4
BRDA:35,3,0,4
BRDA:35,3,1,0
BRF:10
BRH:7
end_of_record
TN:
SF:models/movie.js
FN:5,(anonymous_0)
FN:7,(anonymous_1)
FNF:2
FNH:2
FNDA:1,(anonymous_0)
FNDA:1,(anonymous_1)
DA:3,1
DA:5,1
DA:9,1
DA:13,1
DA:61,1
LF:5
LH:5
BRF:0
BRH:0
end_of_record
TN:
SF:models/order.js
FN:5,(anonymous_0)
FN:8,(anonymous_1)
FNF:2
FNH:2
FNDA:1,(anonymous_0)
FNDA:1,(anonymous_1)
DA:4,1
DA:5,1
DA:9,1
DA:12,1
DA:32,1
LF:5
LH:5
BRF:0
BRH:0
end_of_record
TN:
SF:models/user.js
FN:5,(anonymous_0)
FN:7,(anonymous_1)
FN:50,(anonymous_2)
FNF:3
FNH:3
FNDA:1,(anonymous_0)
FNDA:1,(anonymous_1)
FNDA:19,(anonymous_2)
DA:2,1
DA:3,1
DA:5,1
DA:9,1
DA:10,1
DA:14,1
DA:51,19
DA:57,1
LF:8
LH:8
BRF:0
BRH:0
end_of_record
TN:
SF:models/watchlist.js
FN:4,(anonymous_0)
FN:6,(anonymous_1)
FNF:2
FNH:2
FNDA:1,(anonymous_0)
FNDA:1,(anonymous_1)
DA:2,1
DA:4,1
DA:8,1
DA:9,1
DA:13,1
DA:46,1
LF:6
LH:6
BRF:0
BRH:0
end_of_record
